<?xml version="1.0" encoding="UTF-8"?>
<testsuite name="ru.hse.list.service.ListServiceTest" tests="6" skipped="0" failures="0" errors="0" timestamp="2024-05-24T19:38:08" hostname="TIN-PC" time="1.433">
  <properties/>
  <testcase name="findById_IDIsPresent_returnEntity()" classname="ru.hse.list.service.ListServiceTest" time="1.408"/>
  <testcase name="findById_IDIsPresent_throwException()" classname="ru.hse.list.service.ListServiceTest" time="0.005"/>
  <testcase name="create_IDNotExists_doesntThrowException()" classname="ru.hse.list.service.ListServiceTest" time="0.006"/>
  <testcase name="delete_IDNotExists_throwException()" classname="ru.hse.list.service.ListServiceTest" time="0.003"/>
  <testcase name="create_IDExists_throwException()" classname="ru.hse.list.service.ListServiceTest" time="0.003"/>
  <testcase name="delete_IDExists_doesntThrowException()" classname="ru.hse.list.service.ListServiceTest" time="0.003"/>
  <system-out><![CDATA[]]></system-out>
  <system-err><![CDATA[]]></system-err>
</testsuite>
